# JRE version: OpenJDK Runtime Environment Temurin-17.0.10+7 (17.0.10+7) (build 17.0.10+7)
# Java VM: OpenJDK 64-Bit Server VM Temurin-17.0.10+7 (17.0.10+7, mixed mode, emulated-client, tiered, compressed oops, compressed class ptrs, g1 gc, windows-amd64)
GC Precious Log:
 CPUs: 4 total, 4 available
 Memory: 8102M
 Large Page Support: Disabled
 NUMA Support: Disabled
 Compressed Oops: Enabled (32-bit)
 Heap Region Size: 1M
 Heap Min Capacity: 8M
 Heap Initial Capacity: 128M
 Heap Max Capacity: 1G
 Pre-touch: Disabled
 Parallel Workers: 4
 Concurrent Workers: 1
 Concurrent Refinement Workers: 4
 Periodic GC: Disabled
Heap:
 garbage-first heap   total 75776K, used 24015K [0x00000000c0000000, 0x0000000100000000)
  region size 1024K, 1 young (1024K), 0 survivors (0K)
 Metaspace       used 38711K, committed 39296K, reserved 1114112K
  class space    used 5100K, committed 5376K, reserved 1048576K
GC Heap History (20 events):
Event: 73.931 GC heap before
{Heap before GC invocations=11 (full 2):
 garbage-first heap   total 75776K, used 26660K [0x00000000c0000000, 0x0000000100000000)
  region size 1024K, 1 young (1024K), 0 survivors (0K)
 Metaspace       used 38840K, committed 39296K, reserved 1114112K
  class space    used 5133K, committed 5376K, reserved 1048576K
}
Event: 73.969 GC heap after
{Heap after GC invocations=12 (full 3):
 garbage-first heap   total 75776K, used 24015K [0x00000000c0000000, 0x0000000100000000)
  region size 1024K, 0 young (0K), 0 survivors (0K)
 Metaspace       used 38711K, committed 39296K, reserved 1114112K
  class space    used 5100K, committed 5376K, reserved 1048576K
}
Event: 84.302 GC heap before
{Heap before GC invocations=12 (full 3):
 garbage-first heap   total 75776K, used 24015K [0x00000000c0000000, 0x0000000100000000)
  region size 1024K, 1 young (1024K), 0 survivors (0K)
 Metaspace       used 38711K, committed 39296K, reserved 1114112K
  class space    used 5100K, committed 5376K, reserved 1048576K
}
Event: 84.339 GC heap after
{Heap after GC invocations=13 (full 4):
 garbage-first heap   total 75776K, used 24015K [0x00000000c0000000, 0x0000000100000000)
  region size 1024K, 0 young (0K), 0 survivors (0K)
 Metaspace       used 38711K, committed 39296K, reserved 1114112K
  class space    used 5100K, committed 5376K, reserved 1048576K
}
Event: 94.768 GC heap before
{Heap before GC invocations=13 (full 4):
 garbage-first heap   total 75776K, used 24015K [0x00000000c0000000, 0x0000000100000000)
  region size 1024K, 1 young (1024K), 0 survivors (0K)
 Metaspace       used 38711K, committed 39296K, reserved 1114112K
  class space    used 5100K, committed 5376K, reserved 1048576K
}
Event: 94.805 GC heap after
{Heap after GC invocations=14 (full 5):
 garbage-first heap   total 75776K, used 24015K [0x00000000c0000000, 0x0000000100000000)
  region size 1024K, 0 young (0K), 0 survivors (0K)
 Metaspace       used 38711K, committed 39296K, reserved 1114112K
  class space    used 5100K, committed 5376K, reserved 1048576K
}
Event: 105.249 GC heap before
{Heap before GC invocations=14 (full 5):
 garbage-first heap   total 75776K, used 24015K [0x00000000c0000000, 0x0000000100000000)
  region size 1024K, 1 young (1024K), 0 survivors (0K)
 Metaspace       used 38711K, committed 39296K, reserved 1114112K
  class space    used 5100K, committed 5376K, reserved 1048576K
}
Event: 105.283 GC heap after
{Heap after GC invocations=15 (full 6):
 garbage-first heap   total 75776K, used 24015K [0x00000000c0000000, 0x0000000100000000)
  region size 1024K, 0 young (0K), 0 survivors (0K)
 Metaspace       used 38711K, committed 39296K, reserved 1114112K
  class space    used 5100K, committed 5376K, reserved 1048576K
}
Event: 115.691 GC heap before
{Heap before GC invocations=15 (full 6):
 garbage-first heap   total 75776K, used 24015K [0x00000000c0000000, 0x0000000100000000)
  region size 1024K, 1 young (1024K), 0 survivors (0K)
 Metaspace       used 38711K, committed 39296K, reserved 1114112K
  class space    used 5100K, committed 5376K, reserved 1048576K
}
Event: 115.736 GC heap after
{Heap after GC invocations=16 (full 7):
 garbage-first heap   total 75776K, used 24015K [0x00000000c0000000, 0x0000000100000000)
  region size 1024K, 0 young (0K), 0 survivors (0K)
 Metaspace       used 38711K, committed 39296K, reserved 1114112K
  class space    used 5100K, committed 5376K, reserved 1048576K
}
Event: 126.054 GC heap before
{Heap before GC invocations=16 (full 7):
 garbage-first heap   total 75776K, used 24015K [0x00000000c0000000, 0x0000000100000000)
  region size 1024K, 1 young (1024K), 0 survivors (0K)
 Metaspace       used 38711K, committed 39296K, reserved 1114112K
  class space    used 5100K, committed 5376K, reserved 1048576K
}
Event: 126.129 GC heap after
{Heap after GC invocations=17 (full 8):
 garbage-first heap   total 75776K, used 24015K [0x00000000c0000000, 0x0000000100000000)
  region size 1024K, 0 young (0K), 0 survivors (0K)
 Metaspace       used 38711K, committed 39296K, reserved 1114112K
  class space    used 5100K, committed 5376K, reserved 1048576K
}
Event: 136.957 GC heap before
{Heap before GC invocations=17 (full 8):
 garbage-first heap   total 75776K, used 24015K [0x00000000c0000000, 0x0000000100000000)
  region size 1024K, 1 young (1024K), 0 survivors (0K)
 Metaspace       used 38711K, committed 39296K, reserved 1114112K
  class space    used 5100K, committed 5376K, reserved 1048576K
}
Event: 136.994 GC heap after
{Heap after GC invocations=18 (full 9):
 garbage-first heap   total 75776K, used 24015K [0x00000000c0000000, 0x0000000100000000)
  region size 1024K, 0 young (0K), 0 survivors (0K)
 Metaspace       used 38711K, committed 39296K, reserved 1114112K
  class space    used 5100K, committed 5376K, reserved 1048576K
}
Event: 147.968 GC heap before
{Heap before GC invocations=18 (full 9):
 garbage-first heap   total 75776K, used 24015K [0x00000000c0000000, 0x0000000100000000)
  region size 1024K, 1 young (1024K), 0 survivors (0K)
 Metaspace       used 38711K, committed 39296K, reserved 1114112K
  class space    used 5100K, committed 5376K, reserved 1048576K
}
Event: 148.008 GC heap after
{Heap after GC invocations=19 (full 10):
 garbage-first heap   total 75776K, used 24015K [0x00000000c0000000, 0x0000000100000000)
  region size 1024K, 0 young (0K), 0 survivors (0K)
 Metaspace       used 38711K, committed 39296K, reserved 1114112K
  class space    used 5100K, committed 5376K, reserved 1048576K
}
Event: 158.640 GC heap before
{Heap before GC invocations=19 (full 10):
 garbage-first heap   total 75776K, used 24015K [0x00000000c0000000, 0x0000000100000000)
  region size 1024K, 1 young (1024K), 0 survivors (0K)
 Metaspace       used 38711K, committed 39296K, reserved 1114112K
  class space    used 5100K, committed 5376K, reserved 1048576K
}
Event: 158.680 GC heap after
{Heap after GC invocations=20 (full 11):
 garbage-first heap   total 75776K, used 24015K [0x00000000c0000000, 0x0000000100000000)
  region size 1024K, 0 young (0K), 0 survivors (0K)
 Metaspace       used 38711K, committed 39296K, reserved 1114112K
  class space    used 5100K, committed 5376K, reserved 1048576K
}
Event: 169.132 GC heap before
{Heap before GC invocations=20 (full 11):
 garbage-first heap   total 75776K, used 24015K [0x00000000c0000000, 0x0000000100000000)
  region size 1024K, 1 young (1024K), 0 survivors (0K)
 Metaspace       used 38711K, committed 39296K, reserved 1114112K
  class space    used 5100K, committed 5376K, reserved 1048576K
}
Event: 169.181 GC heap after
{Heap after GC invocations=21 (full 12):
 garbage-first heap   total 75776K, used 24015K [0x00000000c0000000, 0x0000000100000000)
  region size 1024K, 0 young (0K), 0 survivors (0K)
 Metaspace       used 38711K, committed 39296K, reserved 1114112K
  class space    used 5100K, committed 5376K, reserved 1048576K
}

